Jul 19, 2024 7:58:29 PM com.multithread.MyThread run
SEVERE: Error processing request
java.lang.NullPointerException: Cannot invoke "java.util.Scanner.nextLine()" because "this.scanner" is null
	at MultiThreading/com.multithread.MyThread.run(MyThread.java:33)
	at java.base/java.util.concurrent.Executors$RunnableAdapter.call(Executors.java:539)
	at java.base/java.util.concurrent.FutureTask.run(FutureTask.java:264)
	at java.base/java.util.concurrent.ThreadPoolExecutor.runWorker(ThreadPoolExecutor.java:1136)
	at java.base/java.util.concurrent.ThreadPoolExecutor$Worker.run(ThreadPoolExecutor.java:635)
	at java.base/java.lang.Thread.run(Thread.java:842)

Jul 19, 2024 7:58:29 PM com.multithread.MyThread run
SEVERE: Error processing request
java.lang.NullPointerException: Cannot invoke "java.util.Scanner.nextLine()" because "this.scanner" is null
	at MultiThreading/com.multithread.MyThread.run(MyThread.java:33)
	at java.base/java.util.concurrent.Executors$RunnableAdapter.call(Executors.java:539)
	at java.base/java.util.concurrent.FutureTask.run(FutureTask.java:264)
	at java.base/java.util.concurrent.ThreadPoolExecutor.runWorker(ThreadPoolExecutor.java:1136)
	at java.base/java.util.concurrent.ThreadPoolExecutor$Worker.run(ThreadPoolExecutor.java:635)
	at java.base/java.lang.Thread.run(Thread.java:842)

Jul 19, 2024 7:58:29 PM com.multithread.MyThread run
SEVERE: Error processing request
java.lang.NullPointerException: Cannot invoke "java.util.Scanner.nextLine()" because "this.scanner" is null
	at MultiThreading/com.multithread.MyThread.run(MyThread.java:33)
	at java.base/java.util.concurrent.Executors$RunnableAdapter.call(Executors.java:539)
	at java.base/java.util.concurrent.FutureTask.run(FutureTask.java:264)
	at java.base/java.util.concurrent.ThreadPoolExecutor.runWorker(ThreadPoolExecutor.java:1136)
	at java.base/java.util.concurrent.ThreadPoolExecutor$Worker.run(ThreadPoolExecutor.java:635)
	at java.base/java.lang.Thread.run(Thread.java:842)

Jul 19, 2024 7:58:29 PM com.multithread.MyThread run
SEVERE: Error processing request
java.lang.NullPointerException: Cannot invoke "java.util.Scanner.nextLine()" because "this.scanner" is null
	at MultiThreading/com.multithread.MyThread.run(MyThread.java:33)
	at java.base/java.util.concurrent.Executors$RunnableAdapter.call(Executors.java:539)
	at java.base/java.util.concurrent.FutureTask.run(FutureTask.java:264)
	at java.base/java.util.concurrent.ThreadPoolExecutor.runWorker(ThreadPoolExecutor.java:1136)
	at java.base/java.util.concurrent.ThreadPoolExecutor$Worker.run(ThreadPoolExecutor.java:635)
	at java.base/java.lang.Thread.run(Thread.java:842)

Jul 19, 2024 7:58:29 PM com.multithread.MyThread run
SEVERE: Error processing request
java.lang.NullPointerException: Cannot invoke "java.util.Scanner.nextLine()" because "this.scanner" is null
	at MultiThreading/com.multithread.MyThread.run(MyThread.java:33)
	at java.base/java.util.concurrent.Executors$RunnableAdapter.call(Executors.java:539)
	at java.base/java.util.concurrent.FutureTask.run(FutureTask.java:264)
	at java.base/java.util.concurrent.ThreadPoolExecutor.runWorker(ThreadPoolExecutor.java:1136)
	at java.base/java.util.concurrent.ThreadPoolExecutor$Worker.run(ThreadPoolExecutor.java:635)
	at java.base/java.lang.Thread.run(Thread.java:842)

